<?xml version="1.0" encoding="UTF-8"?>
<testsuite xmlns:xsi="http://www.w3.org/2001/XMLSchema-instance" xsi:noNamespaceSchemaLocation="https://maven.apache.org/surefire/maven-surefire-plugin/xsd/surefire-test-report-3.0.xsd" version="3.0" name="com.dailycodebuffer.graphqldemo.controller.PlayerControllerTest" time="2.368" tests="6" errors="0" skipped="0" failures="0">
  <properties>
[...]
</properties>
  <testcase name="testShouldUpdateExistingPlayer" classname="com.dailycodebuffer.graphqldemo.controller.PlayerControllerTest" time="0.895">
    <system-out><![CDATA[18:30:46.099 [main] INFO org.springframework.test.context.support.AnnotationConfigContextLoaderUtils -- Could not detect default configuration classes for test class [com.dailycodebuffer.graphqldemo.controller.PlayerControllerTest]: PlayerControllerTest does not declare any static, non-private, non-final, nested classes annotated with @Configuration.
18:30:46.201 [main] INFO org.springframework.boot.test.context.SpringBootTestContextBootstrapper -- Found @SpringBootConfiguration com.dailycodebuffer.graphqldemo.GraphqlDemoApplication for test class com.dailycodebuffer.graphqldemo.controller.PlayerControllerTest

  .   ____          _            __ _ _
 /\\ / ___'_ __ _ _(_)_ __  __ _ \ \ \ \
( ( )\___ | '_ | '_| | '_ \/ _` | \ \ \ \
 \\/  ___)| |_)| | | | | || (_| |  ) ) ) )
  '  |____| .__|_| |_|_| |_\__, | / / / /
 =========|_|==============|___/=/_/_/_/
 :: Spring Boot ::                (v3.2.0)

2024-10-14T18:30:46.571-05:00  INFO 7828 --- [           main] c.d.g.controller.PlayerControllerTest    : Starting PlayerControllerTest using Java 22.0.1 with PID 7828 (started by nitin in C:\Users\nitin\IdeaProjects\graphql-demo)
2024-10-14T18:30:46.572-05:00  INFO 7828 --- [           main] c.d.g.controller.PlayerControllerTest    : No active profile set, falling back to 1 default profile: "default"
2024-10-14T18:30:47.135-05:00  INFO 7828 --- [           main] efaultSchemaResourceGraphQlSourceBuilder : Loaded 1 resource(s) in the GraphQL schema.
2024-10-14T18:30:47.317-05:00  INFO 7828 --- [           main] o.s.b.a.g.GraphQlAutoConfiguration       : GraphQL schema inspection:
	Unmapped fields: {Query=[findAllBooks, findOneAuthor]}
	Unmapped registrations: {}
	Skipped types: []
2024-10-14T18:30:47.396-05:00  INFO 7828 --- [           main] c.d.g.controller.PlayerControllerTest    : Started PlayerControllerTest in 1.129 seconds (process running for 1.865)
]]></system-out>
    <system-err><![CDATA[WARNING: A Java agent has been loaded dynamically (C:\Users\nitin\.m2\repository\net\bytebuddy\byte-buddy-agent\1.14.10\byte-buddy-agent-1.14.10.jar)
WARNING: If a serviceability tool is in use, please run with -XX:+EnableDynamicAgentLoading to hide this warning
WARNING: If a serviceability tool is not in use, please run with -Djdk.instrument.traceUsage for more information
WARNING: Dynamic loading of agents will be disallowed by default in a future release
]]></system-err>
  </testcase>
  <testcase name="testShouldRemovePlayerWithValidId" classname="com.dailycodebuffer.graphqldemo.controller.PlayerControllerTest" time="0.01"/>
  <testcase name="testValidIdShouldReturnPlayer" classname="com.dailycodebuffer.graphqldemo.controller.PlayerControllerTest" time="0.006"/>
  <testcase name="testShouldCreateNewPlayer" classname="com.dailycodebuffer.graphqldemo.controller.PlayerControllerTest" time="0.004"/>
  <testcase name="testFindAllPlayerShouldReturnAllPlayers" classname="com.dailycodebuffer.graphqldemo.controller.PlayerControllerTest" time="0.011"/>
  <testcase name="testInvalidIdShouldReturnNull" classname="com.dailycodebuffer.graphqldemo.controller.PlayerControllerTest" time="0.004"/>
</testsuite>